<?xml version="1.0" encoding="utf-8" standalone="no"?>
<!--This file represents the results of running a test suite-->
<test-results name="D:\Gitus\selenium\Vs\Andorid_Mdvr\Andorid_Mdvr\bin\Debug\Andorid_Mdvr.dll" total="1" errors="1" failures="0" not-run="0" inconclusive="0" ignored="0" skipped="0" invalid="0" date="2017-12-27" time="23:03:30">
  <environment nunit-version="2.6.3.13283" clr-version="2.0.50727.8762" os-version="Microsoft Windows NT 6.1.7601 Service Pack 1" platform="Win32NT" cwd="H:\Tool\辅助工具xunlei\NUnit-2.6.3 GUI Tools\bin" machine-name="MS-20171001UJKV" user="Administrator" user-domain="MS-20171001UJKV" />
  <culture-info current-culture="zh-CN" current-uiculture="zh-CN" />
  <test-suite type="Assembly" name="D:\Gitus\selenium\Vs\Andorid_Mdvr\Andorid_Mdvr\bin\Debug\Andorid_Mdvr.dll" executed="True" result="Failure" success="False" time="20.886" asserts="0">
    <results>
      <test-suite type="Namespace" name="Andorid_Mdvr" executed="True" result="Failure" success="False" time="20.881" asserts="0">
        <results>
          <test-suite type="Namespace" name="DvrTest" executed="True" result="Failure" success="False" time="20.881" asserts="0">
            <results>
              <test-suite type="TestFixture" name="DvrTest" executed="True" result="Failure" success="False" time="20.880" asserts="0">
                <results>
                  <test-case name="Andorid_Mdvr.DvrTest.DvrTest.loginTest" executed="True" result="Error" success="False" time="5.072" asserts="0">
                    <failure>
                      <message><![CDATA[OpenQA.Selenium.NoSuchElementException : An element could not be located on the page using the given search parameters.]]></message>
                      <stack-trace><![CDATA[at OpenQA.Selenium.Remote.RemoteWebDriver.UnpackAndThrowOnError(Response errorResponse)
at OpenQA.Selenium.Remote.RemoteWebDriver.Execute(String driverCommandToExecute, Dictionary`2 parameters)
at OpenQA.Selenium.Remote.RemoteWebDriver.FindElement(String mechanism, String value)
at OpenQA.Selenium.Remote.RemoteWebDriver.FindElementById(String id)
at OpenQA.Selenium.By.<>c__DisplayClass2.<Id>b__0(ISearchContext context)
at OpenQA.Selenium.By.FindElement(ISearchContext context)
at OpenQA.Selenium.Remote.RemoteWebDriver.FindElement(By by)
at Andorid_Mdvr.DvrTest.DvrTest.loginTest() in D:\Gitus\selenium\Vs\Andorid_Mdvr\Andorid_Mdvr\DvrTest\DvrTest.cs:line 46
]]></stack-trace>
                    </failure>
                  </test-case>
                </results>
              </test-suite>
            </results>
          </test-suite>
        </results>
      </test-suite>
    </results>
  </test-suite>
</test-results>