<?xml version="1.0" encoding="UTF-8"?>
<!-- Generated by org.testng.reporters.JUnitReportReporter -->
<testsuite hostname="MS-20171001UJKV" name="Demo1.test" tests="1" failures="0" timestamp="24 Dec 2017 16:11:40 GMT" time="15.055" errors="0">
  <testcase name="Demo1" time="15.055" classname="Demo1.test"/>
</testsuite> <!-- Demo1.test -->
