<?xml version="1.0" encoding="UTF-8"?>
<!-- Generated by org.testng.reporters.JUnitReportReporter -->
<testsuite hostname="SKY-20161115XKA" name="MdvrTest.Day1" tests="2" failures="0" timestamp="28 Dec 2017 09:44:05 GMT" time="111.225" errors="0">
  <testcase name="Loginn2" time="83.482" classname="MdvrTest.Day1"/>
  <testcase name="Loginn" time="27.743" classname="MdvrTest.Day1"/>
</testsuite> <!-- MdvrTest.Day1 -->
