<?xml version="1.0" encoding="UTF-8"?>
<!-- Generated by org.testng.reporters.JUnitReportReporter -->
<testsuite hostname="MS-20171001UJKV" name="Demo1.test" tests="1" failures="0" timestamp="22 Dec 2017 15:28:44 GMT" time="20.093" errors="0">
  <testcase name="DemoApp" time="20.093" classname="Demo1.test"/>
</testsuite> <!-- Demo1.test -->
