<?xml version="1.0" encoding="UTF-8"?>
<!-- Generated by org.testng.reporters.JUnitReportReporter -->
<testsuite hostname="SKY-20161115XKA" name="Demo1.Test3" tests="1" failures="0" timestamp="2 Jan 2018 14:46:29 GMT" time="10.005" errors="0">
  <testcase name="Test1" time="10.005" classname="Demo1.Test3"/>
</testsuite> <!-- Demo1.Test3 -->
