<?xml version="1.0" encoding="UTF-8"?>
<!-- Generated by org.testng.reporters.JUnitReportReporter -->
<testsuite hostname="MS-20171001UJKV" name="Demo1.Test3" tests="1" failures="0" timestamp="31 Dec 2017 14:54:06 GMT" time="0.003" errors="0">
  <testcase name="Test1" time="0.003" classname="Demo1.Test3"/>
</testsuite> <!-- Demo1.Test3 -->
