<?xml version="1.0" encoding="UTF-8"?>
<!-- Generated by org.testng.reporters.JUnitReportReporter -->
<testsuite hostname="SKY-20161115XKA" name="MdvrTest.Day1" tests="2" failures="0" timestamp="3 Jan 2018 15:07:25 GMT" time="109.296" errors="0">
  <testcase name="Loginn" time="26.098" classname="MdvrTest.Day1"/>
  <testcase name="Loginn2" time="83.198" classname="MdvrTest.Day1"/>
</testsuite> <!-- MdvrTest.Day1 -->
