<?xml version="1.0" encoding="UTF-8"?>
<!-- Generated by org.testng.reporters.JUnitReportReporter -->
<testsuite hostname="MS-20171001UJKV" name="MdvrTest.Day1" tests="1" failures="0" timestamp="25 Dec 2017 15:54:23 GMT" time="19.587" errors="0">
  <testcase name="Loginn" time="19.587" classname="MdvrTest.Day1"/>
</testsuite> <!-- MdvrTest.Day1 -->
