<?xml version="1.0" encoding="utf-8" standalone="no"?>
<!--This file represents the results of running a test suite-->
<test-results name="D:\GitHui\selenium\CrocusPlatformTest\TestUserLogin\bin\Debug\Crocus.TestUI.dll" total="1" errors="0" failures="0" not-run="0" inconclusive="0" ignored="0" skipped="0" invalid="0" date="2017-12-18" time="09:05:37">
  <environment nunit-version="2.6.3.13283" clr-version="2.0.50727.5477" os-version="Microsoft Windows NT 6.1.7601 Service Pack 1" platform="Win32NT" cwd="F:\软件安装\IT-开发\c_nuint\NUnit-2.6.3 GUI Tools\bin" machine-name="SKY-20161115XKA" user="Administrator" user-domain="SKY-20161115XKA" />
  <culture-info current-culture="zh-CN" current-uiculture="zh-CN" />
  <test-suite type="Assembly" name="D:\GitHui\selenium\CrocusPlatformTest\TestUserLogin\bin\Debug\Crocus.TestUI.dll" executed="True" result="Success" success="True" time="22.412" asserts="0">
    <results>
      <test-suite type="Namespace" name="Crocus" executed="True" result="Success" success="True" time="22.412" asserts="0">
        <results>
          <test-suite type="Namespace" name="TestUI" executed="True" result="Success" success="True" time="22.411" asserts="0">
            <results>
              <test-suite type="TestFixture" name="Ie_user" executed="True" result="Success" success="True" time="22.411" asserts="0">
                <results>
                  <test-case name="Crocus.TestUI.Ie_user.UserNull" executed="True" result="Success" success="True" time="12.501" asserts="0" />
                </results>
              </test-suite>
            </results>
          </test-suite>
        </results>
      </test-suite>
    </results>
  </test-suite>
</test-results>