<?xml version="1.0" encoding="utf-8" standalone="no"?>
<!--This file represents the results of running a test suite-->
<test-results name="D:\giT\us\selenium\CrocusPlatformTest\TestUserLogin\bin\Debug\Crocus.TestUI.dll" total="1" errors="1" failures="0" not-run="0" inconclusive="0" ignored="0" skipped="0" invalid="0" date="2018-01-11" time="09:20:37">
  <environment nunit-version="2.6.3.13283" clr-version="2.0.50727.5477" os-version="Microsoft Windows NT 6.1.7601 Service Pack 1" platform="Win32NT" cwd="F:\软件安装\IT-开发\c_nuint\NUnit-2.6.3 GUI Tools\bin" machine-name="SKY-20161115XKA" user="Administrator" user-domain="SKY-20161115XKA" />
  <culture-info current-culture="zh-CN" current-uiculture="zh-CN" />
  <test-suite type="Assembly" name="D:\giT\us\selenium\CrocusPlatformTest\TestUserLogin\bin\Debug\Crocus.TestUI.dll" executed="True" result="Failure" success="False" time="16.939" asserts="0">
    <results>
      <test-suite type="Namespace" name="Crocus" executed="True" result="Failure" success="False" time="16.939" asserts="0">
        <results>
          <test-suite type="Namespace" name="TestUI" executed="True" result="Failure" success="False" time="16.938" asserts="0">
            <results>
              <test-suite type="TestFixture" name="IE_Test" executed="True" result="Failure" success="False" time="16.938" asserts="0">
                <results>
                  <test-case name="Crocus.TestUI.IE_Test.Baidu" executed="True" result="Error" success="False" time="7.831" asserts="0">
                    <failure>
                      <message><![CDATA[System.NullReferenceException : 未将对象引用设置到对象的实例。]]></message>
                      <stack-trace><![CDATA[在 Crocus.TestUI.IE_Test.Baidu() 位置 D:\giT\us\selenium\CrocusPlatformTest\TestUserLogin\IE_Test\IE_Test.cs:行号 56
]]></stack-trace>
                    </failure>
                  </test-case>
                </results>
              </test-suite>
            </results>
          </test-suite>
        </results>
      </test-suite>
    </results>
  </test-suite>
</test-results>