<?xml version="1.0" encoding="utf-8" standalone="no"?>
<!--This file represents the results of running a test suite-->
<test-results name="E:\GitClient\AT\thwu\N9MTest\bin\Release\N9MTest.dll" total="1" errors="0" failures="1" not-run="0" inconclusive="0" ignored="0" skipped="0" invalid="0" date="2017-04-17" time="15:00:30">
  <environment nunit-version="2.6.3.13283" clr-version="2.0.50727.5485" os-version="Microsoft Windows NT 6.1.7601 Service Pack 1" platform="Win32NT" cwd="E:\GitClient\AT\thwu\N9MTest\bin\Release" machine-name="WUTAIHUA-PC" user="Administrator" user-domain="wutaihua-PC" />
  <culture-info current-culture="zh-CN" current-uiculture="zh-CN" />
  <test-suite type="Assembly" name="E:\GitClient\AT\thwu\N9MTest\bin\Release\N9MTest.dll" executed="True" result="Failure" success="False" time="381.380" asserts="0">
    <results>
      <test-suite type="Namespace" name="N9MTest" executed="True" result="Failure" success="False" time="381.370" asserts="0">
        <results>
          <test-suite type="Namespace" name="upgade" executed="True" result="Failure" success="False" time="381.369" asserts="0">
            <results>
              <test-suite type="TestFixture" name="TestCase_Upgrade" executed="True" result="Failure" success="False" time="381.368" asserts="0">
                <results>
                  <test-case name="N9MTest.upgade.TestCase_Upgrade.UpgradeWeb" executed="True" result="Failure" success="False" time="381.358" asserts="0">
                    <failure>
                      <message><![CDATA[  升级后版本号对比失败
  Expected string length 19 but was 32. Strings differ at index 19.
  Expected: "X7A_V222_T170109.02"
  But was:  "X7A_V222_T170109.02\0\0\0\0\0\0\0\0\0\0\0\0\0"
  ------------------------------^
]]></message>
                      <stack-trace><![CDATA[在 N9MTest.upgade.TestCase_Upgrade.UpgradeWeb() 位置 E:\GitClient\AT\thwu\N9MTest\N9MTest\upgade\TestCase_Upgrade.cs:行号 62
]]></stack-trace>
                    </failure>
                  </test-case>
                </results>
              </test-suite>
            </results>
          </test-suite>
        </results>
      </test-suite>
    </results>
  </test-suite>
</test-results>