<?xml version="1.0" encoding="utf-8" standalone="no"?>
<!--This file represents the results of running a test suite-->
<test-results name="D:\giT\us\selenium\Andorid_Mdvr\Andorid_Mdvr\bin\Debug\Andorid_Mdvr.dll" total="1" errors="1" failures="0" not-run="0" inconclusive="0" ignored="0" skipped="0" invalid="0" date="2017-12-27" time="20:30:04">
  <environment nunit-version="2.6.3.13283" clr-version="2.0.50727.5477" os-version="Microsoft Windows NT 6.1.7601 Service Pack 1" platform="Win32NT" cwd="F:\软件安装\IT-开发\c_nuint\NUnit-2.6.3 GUI Tools\bin" machine-name="SKY-20161115XKA" user="Administrator" user-domain="SKY-20161115XKA" />
  <culture-info current-culture="zh-CN" current-uiculture="zh-CN" />
  <test-suite type="Assembly" name="D:\giT\us\selenium\Andorid_Mdvr\Andorid_Mdvr\bin\Debug\Andorid_Mdvr.dll" executed="True" result="Failure" success="False" time="17.823" asserts="0">
    <results>
      <test-suite type="Namespace" name="Andorid_Mdvr" executed="True" result="Failure" success="False" time="17.815" asserts="0">
        <results>
          <test-suite type="Namespace" name="DvrTest" executed="True" result="Failure" success="False" time="17.814" asserts="0">
            <results>
              <test-suite type="TestFixture" name="DvrTest" executed="True" result="Failure" success="False" time="17.814" asserts="0">
                <results>
                  <test-case name="Andorid_Mdvr.DvrTest.DvrTest.login" executed="True" result="Error" success="False" time="5.085" asserts="0">
                    <failure>
                      <message><![CDATA[OpenQA.Selenium.NoSuchElementException : An element could not be located on the page using the given search parameters.]]></message>
                      <stack-trace><![CDATA[在 OpenQA.Selenium.Remote.RemoteWebDriver.UnpackAndThrowOnError(Response errorResponse)
在 OpenQA.Selenium.Remote.RemoteWebDriver.Execute(String driverCommandToExecute, Dictionary`2 parameters)
在 OpenQA.Selenium.Remote.RemoteWebDriver.FindElement(String mechanism, String value)
在 Andorid_Mdvr.DvrTest.DvrTest.login() 位置 D:\giT\us\selenium\Andorid_Mdvr\Andorid_Mdvr\DvrTest\DvrTest.cs:行号 44
]]></stack-trace>
                    </failure>
                  </test-case>
                </results>
              </test-suite>
            </results>
          </test-suite>
        </results>
      </test-suite>
    </results>
  </test-suite>
</test-results>