<?xml version="1.0" encoding="utf-8" standalone="no"?>
<!--This file represents the results of running a test suite-->
<test-results name="D:\us\c+4\NC177\NC177\bin\Debug\NC177.dll" total="1" errors="0" failures="0" not-run="0" inconclusive="0" ignored="0" skipped="0" invalid="0" date="2017-09-01" time="22:18:05">
  <environment nunit-version="2.6.3.13283" clr-version="2.0.50727.8669" os-version="Microsoft Windows NT 6.1.7601 Service Pack 1" platform="Win32NT" cwd="J:\Tool\辅助工具xunlei\NUnit-2.6.3 GUI Tools\bin" machine-name="MS-20170311COUD" user="Administrator" user-domain="MS-20170311COUD" />
  <culture-info current-culture="zh-CN" current-uiculture="zh-CN" />
  <test-suite type="Assembly" name="D:\us\c+4\NC177\NC177\bin\Debug\NC177.dll" executed="True" result="Success" success="True" time="0.025" asserts="0">
    <results>
      <test-suite type="Namespace" name="NC177" executed="True" result="Success" success="True" time="0.020" asserts="0">
        <results>
          <test-suite type="Namespace" name="Channel" executed="True" result="Success" success="True" time="0.019" asserts="0">
            <results>
              <test-suite type="TestFixture" name="Channel" executed="True" result="Success" success="True" time="0.019" asserts="0">
                <results>
                  <test-case name="NC177.Channel.Channel.Multichannel" executed="True" result="Success" success="True" time="0.014" asserts="0" />
                </results>
              </test-suite>
            </results>
          </test-suite>
        </results>
      </test-suite>
    </results>
  </test-suite>
</test-results>